app/manifest-merger-release-report.txt
-- Merging decision tree log ---
manifest
ADDED from AndroidManifest.xml:2:1
	package
		ADDED from AndroidManifest.xml:3:5
		INJECTED from AndroidManifest.xml:0:0
		INJECTED from AndroidManifest.xml:0:0
	android:versionName
		INJECTED from AndroidManifest.xml:0:0
		INJECTED from AndroidManifest.xml:0:0
	xmlns:android
		ADDED from AndroidManifest.xml:2:11
	android:versionCode
		INJECTED from AndroidManifest.xml:0:0
		INJECTED from AndroidManifest.xml:0:0
uses-sdk
ADDED from AndroidManifest.xml:5:5
MERGED from com.android.support:appcompat-v7:21.0.3:15:5
MERGED from com.android.support:support-v4:21.0.3:15:5
	android:targetSdkVersion
		ADDED from AndroidManifest.xml:7:9
		INJECTED from AndroidManifest.xml:0:0
		INJECTED from AndroidManifest.xml:0:0
	android:minSdkVersion
		ADDED from AndroidManifest.xml:6:9
		INJECTED from AndroidManifest.xml:0:0
		INJECTED from AndroidManifest.xml:0:0
uses-permission#android.permission.INTERNET
ADDED from AndroidManifest.xml:9:5
	android:name
		ADDED from AndroidManifest.xml:9:22
uses-permission#android.permission.WRITE_EXTERNAL_STORAGE
ADDED from AndroidManifest.xml:10:5
	android:name
		ADDED from AndroidManifest.xml:10:22
uses-permission#android.permission.ACCESS_NETWORK_STATE
ADDED from AndroidManifest.xml:11:5
	android:name
		ADDED from AndroidManifest.xml:11:22
uses-permission#android.permission.SEND_SMS
ADDED from AndroidManifest.xml:12:5
	android:name
		ADDED from AndroidManifest.xml:12:22
uses-permission#android.permission.RECEIVE_SMS
ADDED from AndroidManifest.xml:13:5
	android:name
		ADDED from AndroidManifest.xml:13:22
application
ADDED from AndroidManifest.xml:15:5
MERGED from com.android.support:appcompat-v7:21.0.3:16:5
MERGED from com.android.support:support-v4:21.0.3:16:5
	android:label
		ADDED from AndroidManifest.xml:19:9
	android:allowBackup
		ADDED from AndroidManifest.xml:17:9
	android:icon
		ADDED from AndroidManifest.xml:18:9
	android:theme
		ADDED from AndroidManifest.xml:20:9
	android:name
		ADDED from AndroidManifest.xml:16:9
meta-data#DATABASE
ADDED from AndroidManifest.xml:22:9
	android:value
		ADDED from AndroidManifest.xml:24:13
	android:name
		ADDED from AndroidManifest.xml:23:13
meta-data#VERSION
ADDED from AndroidManifest.xml:25:9
	android:value
		ADDED from AndroidManifest.xml:27:13
	android:name
		ADDED from AndroidManifest.xml:26:13
meta-data#QUERY_LOG
ADDED from AndroidManifest.xml:28:9
	android:value
		ADDED from AndroidManifest.xml:30:13
	android:name
		ADDED from AndroidManifest.xml:29:13
meta-data#DOMAIN_PACKAGE_NAME
ADDED from AndroidManifest.xml:31:9
	android:value
		ADDED from AndroidManifest.xml:33:13
	android:name
		ADDED from AndroidManifest.xml:32:13
activity#com.yeleman.snisidroid.SNISIHome
ADDED from AndroidManifest.xml:35:9
	android:screenOrientation
		ADDED from AndroidManifest.xml:39:13
	android:label
		ADDED from AndroidManifest.xml:37:13
	android:configChanges
		ADDED from AndroidManifest.xml:38:13
	android:name
		ADDED from AndroidManifest.xml:36:13
intent-filter#android.intent.action.MAIN+android.intent.category.LAUNCHER
ADDED from AndroidManifest.xml:40:13
action#android.intent.action.MAIN
ADDED from AndroidManifest.xml:41:17
	android:name
		ADDED from AndroidManifest.xml:41:25
category#android.intent.category.LAUNCHER
ADDED from AndroidManifest.xml:43:17
	android:name
		ADDED from AndroidManifest.xml:43:27
activity#com.yeleman.snisidroid.DBManager
ADDED from AndroidManifest.xml:46:9
	android:name
		ADDED from AndroidManifest.xml:46:19
activity#com.yeleman.snisidroid.Preferences
ADDED from AndroidManifest.xml:47:9
	android:screenOrientation
		ADDED from AndroidManifest.xml:48:19
	android:configChanges
		ADDED from AndroidManifest.xml:49:19
	android:name
		ADDED from AndroidManifest.xml:47:19
activity#com.yeleman.snisidroid.ChangePassword
ADDED from AndroidManifest.xml:50:9
	android:screenOrientation
		ADDED from AndroidManifest.xml:51:19
	android:configChanges
		ADDED from AndroidManifest.xml:52:19
	android:name
		ADDED from AndroidManifest.xml:50:19
activity#com.yeleman.snisidroid.SNISIAbout
ADDED from AndroidManifest.xml:53:9
	android:screenOrientation
		ADDED from AndroidManifest.xml:56:13
	android:label
		ADDED from AndroidManifest.xml:55:13
	android:configChanges
		ADDED from AndroidManifest.xml:57:13
	android:name
		ADDED from AndroidManifest.xml:54:13
activity#com.yeleman.malaria.MalariaHome
ADDED from AndroidManifest.xml:59:9
	android:screenOrientation
		ADDED from AndroidManifest.xml:62:13
	android:label
		ADDED from AndroidManifest.xml:61:13
	android:configChanges
		ADDED from AndroidManifest.xml:63:13
	android:name
		ADDED from AndroidManifest.xml:60:13
activity#com.yeleman.malaria.MalariaWeeklyReport
ADDED from AndroidManifest.xml:64:9
	android:screenOrientation
		ADDED from AndroidManifest.xml:67:13
	android:label
		ADDED from AndroidManifest.xml:66:13
	android:configChanges
		ADDED from AndroidManifest.xml:68:13
	android:name
		ADDED from AndroidManifest.xml:65:13
activity#com.yeleman.malaria.MalariaMonthlyHome
ADDED from AndroidManifest.xml:69:9
	android:screenOrientation
		ADDED from AndroidManifest.xml:72:13
	android:label
		ADDED from AndroidManifest.xml:71:13
	android:configChanges
		ADDED from AndroidManifest.xml:73:13
	android:name
		ADDED from AndroidManifest.xml:70:13
activity#com.yeleman.malaria.MalariaO5Report
ADDED from AndroidManifest.xml:74:9
	android:screenOrientation
		ADDED from AndroidManifest.xml:77:13
	android:label
		ADDED from AndroidManifest.xml:76:13
	android:configChanges
		ADDED from AndroidManifest.xml:78:13
	android:name
		ADDED from AndroidManifest.xml:75:13
activity#com.yeleman.malaria.MalariaU5Report
ADDED from AndroidManifest.xml:79:9
	android:screenOrientation
		ADDED from AndroidManifest.xml:82:13
	android:label
		ADDED from AndroidManifest.xml:81:13
	android:configChanges
		ADDED from AndroidManifest.xml:83:13
	android:name
		ADDED from AndroidManifest.xml:80:13
activity#com.yeleman.malaria.MalariaPwReport
ADDED from AndroidManifest.xml:84:9
	android:screenOrientation
		ADDED from AndroidManifest.xml:87:13
	android:label
		ADDED from AndroidManifest.xml:86:13
	android:configChanges
		ADDED from AndroidManifest.xml:88:13
	android:name
		ADDED from AndroidManifest.xml:85:13
activity#com.yeleman.malaria.MalariaStockoutReport
ADDED from AndroidManifest.xml:89:9
	android:screenOrientation
		ADDED from AndroidManifest.xml:92:13
	android:label
		ADDED from AndroidManifest.xml:91:13
	android:configChanges
		ADDED from AndroidManifest.xml:93:13
	android:name
		ADDED from AndroidManifest.xml:90:13
activity#com.yeleman.malaria.MalariaCPNSPReport
ADDED from AndroidManifest.xml:94:9
	android:screenOrientation
		ADDED from AndroidManifest.xml:96:13
	android:label
		ADDED from AndroidManifest.xml:95:13
	android:configChanges
		ADDED from AndroidManifest.xml:97:13
	android:name
		ADDED from AndroidManifest.xml:94:19
activity#com.yeleman.nutrition.NutritionHome
ADDED from AndroidManifest.xml:99:9
	android:screenOrientation
		ADDED from AndroidManifest.xml:102:13
	android:label
		ADDED from AndroidManifest.xml:101:13
	android:configChanges
		ADDED from AndroidManifest.xml:103:13
	android:name
		ADDED from AndroidManifest.xml:100:13
activity#com.yeleman.nutrition.NutritionWeeklyReport
ADDED from AndroidManifest.xml:104:9
	android:screenOrientation
		ADDED from AndroidManifest.xml:107:13
	android:label
		ADDED from AndroidManifest.xml:106:13
	android:configChanges
		ADDED from AndroidManifest.xml:108:13
	android:name
		ADDED from AndroidManifest.xml:105:13
activity#com.yeleman.nutrition.NutritionMonthlyHome
ADDED from AndroidManifest.xml:109:9
	android:screenOrientation
		ADDED from AndroidManifest.xml:112:13
	android:label
		ADDED from AndroidManifest.xml:111:13
	android:configChanges
		ADDED from AndroidManifest.xml:113:13
	android:name
		ADDED from AndroidManifest.xml:110:13
activity#com.yeleman.nutrition.NutritionURENAMReport
ADDED from AndroidManifest.xml:114:9
	android:screenOrientation
		ADDED from AndroidManifest.xml:117:13
	android:label
		ADDED from AndroidManifest.xml:116:13
	android:configChanges
		ADDED from AndroidManifest.xml:118:13
	android:name
		ADDED from AndroidManifest.xml:115:13
activity#com.yeleman.nutrition.NutritionInputsReport
ADDED from AndroidManifest.xml:119:9
	android:screenOrientation
		ADDED from AndroidManifest.xml:122:13
	android:label
		ADDED from AndroidManifest.xml:121:13
	android:configChanges
		ADDED from AndroidManifest.xml:123:13
	android:name
		ADDED from AndroidManifest.xml:120:13
activity#com.yeleman.nutrition.NutritionURENASReport
ADDED from AndroidManifest.xml:124:9
	android:screenOrientation
		ADDED from AndroidManifest.xml:127:13
	android:label
		ADDED from AndroidManifest.xml:126:13
	android:configChanges
		ADDED from AndroidManifest.xml:128:13
	android:name
		ADDED from AndroidManifest.xml:125:13
activity#com.yeleman.nutrition.NutritionURENIReport
ADDED from AndroidManifest.xml:129:9
	android:screenOrientation
		ADDED from AndroidManifest.xml:132:13
	android:label
		ADDED from AndroidManifest.xml:131:13
	android:configChanges
		ADDED from AndroidManifest.xml:133:13
	android:name
		ADDED from AndroidManifest.xml:130:13
activity#com.yeleman.nutrition.NutritionURENAMU23O6Report
ADDED from AndroidManifest.xml:134:9
	android:screenOrientation
		ADDED from AndroidManifest.xml:137:13
	android:label
		ADDED from AndroidManifest.xml:136:13
	android:configChanges
		ADDED from AndroidManifest.xml:138:13
	android:name
		ADDED from AndroidManifest.xml:135:13
activity#com.yeleman.nutrition.NutritionURENAMU59O23Report
ADDED from AndroidManifest.xml:139:9
	android:screenOrientation
		ADDED from AndroidManifest.xml:142:13
	android:label
		ADDED from AndroidManifest.xml:141:13
	android:configChanges
		ADDED from AndroidManifest.xml:143:13
	android:name
		ADDED from AndroidManifest.xml:140:13
activity#com.yeleman.nutrition.NutritionURENAMO59Report
ADDED from AndroidManifest.xml:144:9
	android:screenOrientation
		ADDED from AndroidManifest.xml:147:13
	android:label
		ADDED from AndroidManifest.xml:146:13
	android:configChanges
		ADDED from AndroidManifest.xml:148:13
	android:name
		ADDED from AndroidManifest.xml:145:13
activity#com.yeleman.nutrition.NutritionURENAMPWReport
ADDED from AndroidManifest.xml:149:9
	android:screenOrientation
		ADDED from AndroidManifest.xml:152:13
	android:label
		ADDED from AndroidManifest.xml:151:13
	android:configChanges
		ADDED from AndroidManifest.xml:153:13
	android:name
		ADDED from AndroidManifest.xml:150:13
activity#com.yeleman.nutrition.NutritionURENAMExsamReport
ADDED from AndroidManifest.xml:154:9
	android:screenOrientation
		ADDED from AndroidManifest.xml:157:13
	android:label
		ADDED from AndroidManifest.xml:156:13
	android:configChanges
		ADDED from AndroidManifest.xml:158:13
	android:name
		ADDED from AndroidManifest.xml:155:13
activity#com.yeleman.nutrition.NutritionURENASO59Report
ADDED from AndroidManifest.xml:159:9
	android:screenOrientation
		ADDED from AndroidManifest.xml:162:13
	android:label
		ADDED from AndroidManifest.xml:161:13
	android:configChanges
		ADDED from AndroidManifest.xml:163:13
	android:name
		ADDED from AndroidManifest.xml:160:13
activity#com.yeleman.nutrition.NutritionURENASU59O6Report
ADDED from AndroidManifest.xml:164:9
	android:screenOrientation
		ADDED from AndroidManifest.xml:167:13
	android:label
		ADDED from AndroidManifest.xml:166:13
	android:configChanges
		ADDED from AndroidManifest.xml:168:13
	android:name
		ADDED from AndroidManifest.xml:165:13
activity#com.yeleman.nutrition.NutritionURENIU6Report
ADDED from AndroidManifest.xml:169:9
	android:screenOrientation
		ADDED from AndroidManifest.xml:172:13
	android:label
		ADDED from AndroidManifest.xml:171:13
	android:configChanges
		ADDED from AndroidManifest.xml:173:13
	android:name
		ADDED from AndroidManifest.xml:170:13
activity#com.yeleman.nutrition.NutritionURENIO59Report
ADDED from AndroidManifest.xml:174:9
	android:screenOrientation
		ADDED from AndroidManifest.xml:177:13
	android:label
		ADDED from AndroidManifest.xml:176:13
	android:configChanges
		ADDED from AndroidManifest.xml:178:13
	android:name
		ADDED from AndroidManifest.xml:175:13
activity#com.yeleman.nutrition.NutritionURENIU59O6Report
ADDED from AndroidManifest.xml:179:9
	android:screenOrientation
		ADDED from AndroidManifest.xml:182:13
	android:label
		ADDED from AndroidManifest.xml:181:13
	android:configChanges
		ADDED from AndroidManifest.xml:183:13
	android:name
		ADDED from AndroidManifest.xml:180:13
activity#com.yeleman.nutrition.NutritionSummaryReport
ADDED from AndroidManifest.xml:184:9
	android:screenOrientation
		ADDED from AndroidManifest.xml:187:13
	android:label
		ADDED from AndroidManifest.xml:186:13
	android:configChanges
		ADDED from AndroidManifest.xml:188:13
	android:name
		ADDED from AndroidManifest.xml:185:13
activity#com.yeleman.smir.SMIRHome
ADDED from AndroidManifest.xml:189:9
	android:screenOrientation
		ADDED from AndroidManifest.xml:192:13
	android:label
		ADDED from AndroidManifest.xml:191:13
	android:configChanges
		ADDED from AndroidManifest.xml:193:13
	android:name
		ADDED from AndroidManifest.xml:190:13
activity#com.yeleman.smir.SMIRAlert
ADDED from AndroidManifest.xml:194:9
	android:screenOrientation
		ADDED from AndroidManifest.xml:197:13
	android:label
		ADDED from AndroidManifest.xml:196:13
	android:configChanges
		ADDED from AndroidManifest.xml:198:13
	android:name
		ADDED from AndroidManifest.xml:195:13